[2025-10-16 02:07:09] Creating database and service account...
[2025-10-16 02:07:09] Running: bash -lc 'mysql -u root  -e "CREATE DATABASE IF NOT EXISTS airline_v2_1 CHARACTER SET utf8mb4 COLLATE utf8mb4_unicode_ci;"' (cwd=/home/kali/airline-club-manager-test)
[2025-10-16 02:07:10] MySQL command failed. If this is due to auth, please enter MySQL root password.
[2025-10-16 02:43:22] Running: bash -lc 'mysql -u root  -e "CREATE DATABASE IF NOT EXISTS airline_v2_1 CHARACTER SET utf8mb4 COLLATE utf8mb4_unicode_ci;"' (cwd=/home/kali/airline-club-manager-test)
[2025-10-16 02:43:22] Failed to execute SQL: CREATE DATABASE IF NOT EXISTS airline_v2_1 CHARACTER SET utf8mb4 COLLATE utf8mb4_unicode_ci;
[2025-10-16 03:09:13] Creating database and service account...
[2025-10-16 03:09:13] Running: sudo -S bash -lc 'mysql -u root -e "CREATE DATABASE IF NOT EXISTS airline_v2_1 CHARACTER SET utf8mb4 COLLATE utf8mb4_unicode_ci;"' (cwd=/home/kali/airline-club-manager-test)
[2025-10-16 03:31:43] Running: sudo -S bash -lc 'mysql -u root -e "CREATE USER IF NOT EXISTS 'sa'@'localhost' IDENTIFIED BY 'admin';"' (cwd=/home/kali/airline-club-manager-test)
[2025-10-16 03:31:43] MySQL command failed. If this is due to auth, please enter MySQL root password.
[2025-10-16 03:31:48] Running: sudo -S bash -lc 'mysql -u root -e "CREATE USER IF NOT EXISTS 'sa'@'localhost' IDENTIFIED BY 'admin';"' (cwd=/home/kali/airline-club-manager-test)
[2025-10-16 03:31:48] Failed to execute SQL: CREATE USER IF NOT EXISTS 'sa'@'localhost' IDENTIFIED BY 'admin';
[2025-10-16 03:31:51] Creating database and service account...
[2025-10-16 03:31:51] Running: sudo -S bash -lc 'mysql -u root -e "CREATE DATABASE IF NOT EXISTS airline_v2_1 CHARACTER SET utf8mb4 COLLATE utf8mb4_unicode_ci;"' (cwd=/home/kali/airline-club-manager-test)
[2025-10-16 03:31:51] Running: sudo -S bash -lc 'mysql -u root -e "CREATE USER IF NOT EXISTS 'sa'@'localhost' IDENTIFIED BY 'admin';"' (cwd=/home/kali/airline-club-manager-test)
[2025-10-16 03:31:51] MySQL command failed. If this is due to auth, please enter MySQL root password.
[2025-10-16 03:32:02] Running: bash -lc 'mysql -u root -proot -e "CREATE USER IF NOT EXISTS 'sa'@'localhost' IDENTIFIED BY 'admin';"' (cwd=/home/kali/airline-club-manager-test)
[2025-10-16 03:32:02] Failed to execute SQL: CREATE USER IF NOT EXISTS 'sa'@'localhost' IDENTIFIED BY 'admin';
[2025-10-16 03:32:34] Creating database and service account...
[2025-10-16 03:32:34] Running: bash -lc 'mysql -u root -proot -e 'CREATE DATABASE IF NOT EXISTS airline_v2_1 CHARACTER SET utf8mb4 COLLATE utf8mb4_unicode_ci;'' (cwd=/home/kali/airline-club-manager-test)
[2025-10-16 03:32:34] MySQL command failed. If this is due to auth, please enter MySQL root password.
[2025-10-16 03:33:49] Running: bash -lc 'mysql -u root -proot -e 'CREATE DATABASE IF NOT EXISTS airline_v2_1 CHARACTER SET utf8mb4 COLLATE utf8mb4_unicode_ci;'' (cwd=/home/kali/airline-club-manager-test)
[2025-10-16 03:33:49] Failed to execute SQL: CREATE DATABASE IF NOT EXISTS airline_v2_1 CHARACTER SET utf8mb4 COLLATE utf8mb4_unicode_ci;
[2025-10-16 03:34:18] Creating database and service account...
[2025-10-16 03:34:18] Running: sudo -S bash -lc 'mysql -u root -proot -e 'CREATE DATABASE IF NOT EXISTS airline_v2_1 CHARACTER SET utf8mb4 COLLATE utf8mb4_unicode_ci;'' (cwd=/home/kali/airline-club-manager-test)
[2025-10-16 03:34:18] Running: sudo -S bash -lc 'mysql -u root -proot -e 'CREATE USER IF NOT EXISTS '\''sa'\''@'\''localhost'\'' IDENTIFIED BY '\''admin'\'';'' (cwd=/home/kali/airline-club-manager-test)
[2025-10-16 03:34:19] Running: sudo -S bash -lc 'mysql -u root -proot -e 'GRANT ALL PRIVILEGES ON airline_v2_1.* TO '\''sa'\''@'\''localhost'\'';'' (cwd=/home/kali/airline-club-manager-test)
[2025-10-16 03:34:19] Running: sudo -S bash -lc 'mysql -u root -proot -e 'FLUSH PRIVILEGES;'' (cwd=/home/kali/airline-club-manager-test)
[2025-10-16 03:34:19] Running: bash -lc 'mysql --version | grep -E 'Ver 8|Distrib 8'' (cwd=/home/kali/airline-club-manager-test)
[2025-10-16 03:34:19] Running: sudo -S bash -lc 'mysql -u root -proot -e 'ALTER USER '\''sa'\''@'\''localhost'\'' IDENTIFIED WITH mysql_native_password BY '\''admin'\'';'' (cwd=/home/kali/airline-club-manager-test)
[2025-10-16 03:41:55] Creating database and service account...
[2025-10-16 03:41:55] Running: sudo -S bash -lc 'mysql -u root -proot -e 'CREATE DATABASE IF NOT EXISTS airline_v2_1 CHARACTER SET utf8mb4 COLLATE utf8mb4_unicode_ci;'' (cwd=/home/kali/airline-club-manager-test)
[2025-10-16 03:41:56] Running: sudo -S bash -lc 'mysql -u root -proot -e 'CREATE USER IF NOT EXISTS '\''sa'\''@'\''localhost'\'' IDENTIFIED BY '\''admin'\'';'' (cwd=/home/kali/airline-club-manager-test)
[2025-10-16 03:41:56] Running: sudo -S bash -lc 'mysql -u root -proot -e 'GRANT ALL PRIVILEGES ON airline_v2_1.* TO '\''sa'\''@'\''localhost'\'';'' (cwd=/home/kali/airline-club-manager-test)
[2025-10-16 03:41:56] Running: sudo -S bash -lc 'mysql -u root -proot -e 'FLUSH PRIVILEGES;'' (cwd=/home/kali/airline-club-manager-test)
[2025-10-16 03:41:56] Running: bash -lc 'mysql --version | grep -E 'Ver 8|Distrib 8'' (cwd=/home/kali/airline-club-manager-test)
[2025-10-16 03:41:56] Running: sudo -S bash -lc 'mysql -u root -proot -e 'ALTER USER '\''sa'\''@'\''localhost'\'' IDENTIFIED WITH mysql_native_password BY '\''admin'\'';'' (cwd=/home/kali/airline-club-manager-test)
[2025-10-16 03:42:04] Starting full installation and configuration wizard...
[2025-10-16 03:42:04] Repo exists at /home/kali/airline-club-manager-test/airline, pulling latest changes...
[2025-10-16 03:42:04] Running: bash -lc 'git fetch --all && git pull --ff-only' (cwd=/home/kali/airline-club-manager-test/airline)
[2025-10-16 03:42:07] Checking out branch/tag: master
[2025-10-16 03:42:07] Running: bash -lc 'git checkout master' (cwd=/home/kali/airline-club-manager-test/airline)
[2025-10-16 03:42:07] Installing dependencies and creating database...
[2025-10-16 03:42:07] Installing OpenJDK (>=8)...
[2025-10-16 03:42:07] Running: sudo -S bash -lc 'apt-get update && apt-get install -y openjdk-11-jdk' (cwd=/home/kali/airline-club-manager-test)
[2025-10-16 03:42:18] Installing sbt (Scala build tool)...
[2025-10-16 03:42:18] Running: sudo -S bash -lc 'apt-get update && apt-get install -y sbt' (cwd=/home/kali/airline-club-manager-test)
[2025-10-16 03:42:23] Installing MariaDB/MySQL server (may already be installed)...
[2025-10-16 03:42:23] Running: sudo -S bash -lc 'apt-get update && apt-get install -y mariadb-server' (cwd=/home/kali/airline-club-manager-test)
[2025-10-16 03:47:10] Creating database and service account...
[2025-10-16 03:47:10] Running: sudo -S bash -lc 'mysql -u root -proot -e 'CREATE DATABASE IF NOT EXISTS airline_v2_1 CHARACTER SET utf8mb4 COLLATE utf8mb4_unicode_ci;'' (cwd=/home/kali/airline-club-manager-test)
[2025-10-16 03:47:10] Running: sudo -S bash -lc 'mysql -u root -proot -e 'CREATE USER IF NOT EXISTS '\''sa'\''@'\''localhost'\'' IDENTIFIED BY '\''admin'\'';'' (cwd=/home/kali/airline-club-manager-test)
[2025-10-16 03:47:10] Running: sudo -S bash -lc 'mysql -u root -proot -e 'GRANT ALL PRIVILEGES ON airline_v2_1.* TO '\''sa'\''@'\''localhost'\'';'' (cwd=/home/kali/airline-club-manager-test)
[2025-10-16 03:47:10] Running: sudo -S bash -lc 'mysql -u root -proot -e 'FLUSH PRIVILEGES;'' (cwd=/home/kali/airline-club-manager-test)
[2025-10-16 03:47:10] Running: bash -lc 'mysql --version | grep -E 'Ver 8|Distrib 8'' (cwd=/home/kali/airline-club-manager-test)
[2025-10-16 03:47:10] install_deps completed successfully.
[2025-10-16 03:47:10] Publishing airline-data locally (sbt publishLocal)...
[2025-10-16 03:47:10] Running: bash -lc 'sbt publishLocal' (cwd=/home/kali/airline-club-manager-test/airline/airline-data)
[2025-10-16 03:47:10] CLI error: [Errno 2] No such file or directory: '/home/kali/airline-club-manager-test/airline/airline-data'
[2025-10-16 03:49:39] Cloning https://github.com/patsonluk/airline.git to /home/kali/airline-club-manager-test/airline...
[2025-10-16 03:49:39] Running: bash -lc 'git clone https://github.com/patsonluk/airline.git '/home/kali/airline-club-manager-test/airline'' (cwd=/home/kali/airline-club-manager-test)
[2025-10-16 03:50:04] Checking out branch/tag: master
[2025-10-16 03:50:04] Running: bash -lc 'git checkout master' (cwd=/home/kali/airline-club-manager-test/airline)
[2025-10-16 03:50:58] Starting full installation and configuration wizard...
[2025-10-16 03:50:58] Repo exists at /home/kali/airline-club-manager-test/airline, pulling latest changes...
[2025-10-16 03:50:58] Running: bash -lc 'git fetch --all && git pull --ff-only' (cwd=/home/kali/airline-club-manager-test/airline)
[2025-10-16 03:51:01] Checking out branch/tag: master
[2025-10-16 03:51:01] Running: bash -lc 'git checkout master' (cwd=/home/kali/airline-club-manager-test/airline)
[2025-10-16 03:51:01] Installing dependencies and creating database...
[2025-10-16 03:51:01] Installing OpenJDK (>=8)...
[2025-10-16 03:51:01] Running: sudo -S bash -lc 'apt-get update && apt-get install -y openjdk-11-jdk' (cwd=/home/kali/airline-club-manager-test)
[2025-10-16 03:51:09] Installing sbt (Scala build tool)...
[2025-10-16 03:51:09] Running: sudo -S bash -lc 'apt-get update && apt-get install -y sbt' (cwd=/home/kali/airline-club-manager-test)
[2025-10-16 03:51:14] Installing MariaDB/MySQL server (may already be installed)...
[2025-10-16 03:51:14] Running: sudo -S bash -lc 'apt-get update && apt-get install -y mariadb-server' (cwd=/home/kali/airline-club-manager-test)
[2025-10-16 03:51:18] Creating database and service account...
[2025-10-16 03:51:18] Running: sudo -S bash -lc 'mysql -u root -proot -e 'CREATE DATABASE IF NOT EXISTS airline_v2_1 CHARACTER SET utf8mb4 COLLATE utf8mb4_unicode_ci;'' (cwd=/home/kali/airline-club-manager-test)
[2025-10-16 03:51:18] Running: sudo -S bash -lc 'mysql -u root -proot -e 'CREATE USER IF NOT EXISTS '\''sa'\''@'\''localhost'\'' IDENTIFIED BY '\''admin'\'';'' (cwd=/home/kali/airline-club-manager-test)
[2025-10-16 03:51:18] Running: sudo -S bash -lc 'mysql -u root -proot -e 'GRANT ALL PRIVILEGES ON airline_v2_1.* TO '\''sa'\''@'\''localhost'\'';'' (cwd=/home/kali/airline-club-manager-test)
[2025-10-16 03:51:18] Running: sudo -S bash -lc 'mysql -u root -proot -e 'FLUSH PRIVILEGES;'' (cwd=/home/kali/airline-club-manager-test)
[2025-10-16 03:51:18] Running: bash -lc 'mysql --version | grep -E 'Ver 8|Distrib 8'' (cwd=/home/kali/airline-club-manager-test)
[2025-10-16 03:51:18] install_deps completed successfully.
[2025-10-16 03:51:18] Publishing airline-data locally (sbt publishLocal)...
[2025-10-16 03:51:18] Running: bash -lc 'sbt publishLocal' (cwd=/home/kali/airline-club-manager-test/airline/airline-data)
[2025-10-16 03:53:19] Initializing DB data via MainInit...
[2025-10-16 03:53:19] Running: bash -lc 'sbt 'runMain com.patson.init.MainInit'' (cwd=/home/kali/airline-club-manager-test/airline/airline-data)
[2025-10-16 04:03:37] Updated application.conf with http address/port for production runs.
[2025-10-16 04:04:02] Set bannerEnabled = False in application.conf (non-interactive)
[2025-10-16 04:04:11] Appended Elasticsearch configuration block to application.conf (non-interactive)
[2025-10-16 04:04:21] Appended trusted hosts to application.conf: ['192.168.50.85']
[2025-10-16 04:04:23] Skipped setting map key.
[2025-10-16 04:04:23] Full installation and configuration completed. Review logs for any errors.
[2025-10-16 04:05:07] Starting airline-web server on 0.0.0.0:9000 as background...
[2025-10-16 04:05:07] Starting background: bash -lc 'sbt -Dhttp.port=9000 -Dhttp.address=0.0.0.0 run' (cwd=/home/kali/airline-club-manager-test/airline/airline-web)
[2025-10-16 04:05:07] Web server started with PID 174355. Logs -> /home/kali/airline-club-manager-test/logs/web.log (expected at http://0.0.0.0:9000)
[2025-10-16 04:05:10] Starting background simulation (MainSimulation) as background...
[2025-10-16 04:05:10] Starting background: bash -lc 'sbt 'runMain com.patson.MainSimulation'' (cwd=/home/kali/airline-club-manager-test/airline/airline-data)
[2025-10-16 04:05:10] Simulation started with PID 174547. Logs -> /home/kali/airline-club-manager-test/logs/simulation.log
[2025-10-16 04:10:55] Sent SIGTERM to simulation PID 174547.
[2025-10-16 04:10:55] Sent SIGTERM to web server PID 174355.
[2025-10-16 04:11:00] Checking out branch/tag: v2.2
[2025-10-16 04:11:00] Running: bash -lc 'git checkout v2.2' (cwd=/home/kali/airline-club-manager-test/airline)
[2025-10-16 04:11:00] git checkout failed. Trying with sudo...
[2025-10-16 04:11:00] Running: sudo -S bash -lc 'git checkout v2.2' (cwd=/home/kali/airline-club-manager-test/airline)
[2025-10-16 04:13:47] Checking out branch/tag: v2.2
[2025-10-16 04:13:47] Running: bash -lc 'git checkout v2.2' (cwd=/home/kali/airline-club-manager-test/airline)
[2025-10-16 04:13:52] Publishing airline-data locally (sbt publishLocal)...
[2025-10-16 04:13:52] Running: bash -lc 'sbt publishLocal' (cwd=/home/kali/airline-club-manager-test/airline/airline-data)
[2025-10-16 04:15:26] Creating database and service account...
[2025-10-16 04:15:26] Running: sudo -S bash -lc 'mysql -u root -proot -e 'CREATE DATABASE IF NOT EXISTS airline_v2_1 CHARACTER SET utf8mb4 COLLATE utf8mb4_unicode_ci;'' (cwd=/home/kali/airline-club-manager-test)
[2025-10-16 04:15:29] Running: sudo -S bash -lc 'mysql -u root -proot -e 'CREATE USER IF NOT EXISTS '\''sa'\''@'\''localhost'\'' IDENTIFIED BY '\''admin'\'';'' (cwd=/home/kali/airline-club-manager-test)
[2025-10-16 04:15:29] Running: sudo -S bash -lc 'mysql -u root -proot -e 'GRANT ALL PRIVILEGES ON airline_v2_1.* TO '\''sa'\''@'\''localhost'\'';'' (cwd=/home/kali/airline-club-manager-test)
[2025-10-16 04:15:29] Running: sudo -S bash -lc 'mysql -u root -proot -e 'FLUSH PRIVILEGES;'' (cwd=/home/kali/airline-club-manager-test)
[2025-10-16 04:15:29] Running: bash -lc 'mysql --version | grep -E 'Ver 8|Distrib 8'' (cwd=/home/kali/airline-club-manager-test)
[2025-10-16 04:15:34] Starting background simulation (MainSimulation) as background...
[2025-10-16 04:15:34] Starting background: bash -lc 'sbt 'runMain com.patson.MainSimulation'' (cwd=/home/kali/airline-club-manager-test/airline/airline-data)
[2025-10-16 04:15:34] Simulation started with PID 195222. Logs -> /home/kali/airline-club-manager-test/logs/simulation.log
[2025-10-16 04:15:44] Starting background simulation (MainSimulation) as background...
[2025-10-16 04:15:44] Starting background: bash -lc 'sbt 'runMain com.patson.MainSimulation'' (cwd=/home/kali/airline-club-manager-test/airline/airline-data)
[2025-10-16 04:15:44] Simulation started with PID 195708. Logs -> /home/kali/airline-club-manager-test/logs/simulation.log
[2025-10-16 04:16:02] Starting airline-web server on 0.0.0.0:9000 as background...
[2025-10-16 04:16:02] Starting background: bash -lc 'sbt -Dhttp.port=9000 -Dhttp.address=0.0.0.0 run' (cwd=/home/kali/airline-club-manager-test/airline/airline-web)
[2025-10-16 04:16:02] Web server started with PID 196278. Logs -> /home/kali/airline-club-manager-test/logs/web.log (expected at http://0.0.0.0:9000)
